0 info it worked if it ends with ok
1 verbose cli [ '/usr/bin/node', '/usr/bin/npm', 'run-script', 'run' ]
2 info using npm@3.5.2
3 info using node@v8.10.0
4 verbose run-script [ 'prerun', 'run', 'postrun' ]
5 info lifecycle advent-of-code-2018@1.0.0~prerun: advent-of-code-2018@1.0.0
6 silly lifecycle advent-of-code-2018@1.0.0~prerun: no script for prerun, continuing
7 info lifecycle advent-of-code-2018@1.0.0~run: advent-of-code-2018@1.0.0
8 verbose lifecycle advent-of-code-2018@1.0.0~run: unsafe-perm in lifecycle true
9 verbose lifecycle advent-of-code-2018@1.0.0~run: PATH: /usr/share/npm/bin/node-gyp-bin:/home/josh/Dev/AdventOfCode2018/node_modules/.bin:/usr/local/sbin:/usr/local/bin:/usr/sbin:/usr/bin:/sbin:/bin:/usr/games:/usr/local/games:/snap/bin
10 verbose lifecycle advent-of-code-2018@1.0.0~run: CWD: /home/josh/Dev/AdventOfCode2018
11 silly lifecycle advent-of-code-2018@1.0.0~run: Args: [ '-c', 'ts-node run.ts' ]
12 silly lifecycle advent-of-code-2018@1.0.0~run: Returned: code: 1  signal: null
13 info lifecycle advent-of-code-2018@1.0.0~run: Failed to exec run script
14 verbose stack Error: advent-of-code-2018@1.0.0 run: `ts-node run.ts`
14 verbose stack Exit status 1
14 verbose stack     at EventEmitter.<anonymous> (/usr/share/npm/lib/utils/lifecycle.js:232:16)
14 verbose stack     at emitTwo (events.js:126:13)
14 verbose stack     at EventEmitter.emit (events.js:214:7)
14 verbose stack     at ChildProcess.<anonymous> (/usr/share/npm/lib/utils/spawn.js:24:14)
14 verbose stack     at emitTwo (events.js:126:13)
14 verbose stack     at ChildProcess.emit (events.js:214:7)
14 verbose stack     at maybeClose (internal/child_process.js:925:16)
14 verbose stack     at Process.ChildProcess._handle.onexit (internal/child_process.js:209:5)
15 verbose pkgid advent-of-code-2018@1.0.0
16 verbose cwd /home/josh/Dev/AdventOfCode2018
17 error Linux 4.15.0-42-generic
18 error argv "/usr/bin/node" "/usr/bin/npm" "run-script" "run"
19 error node v8.10.0
20 error npm  v3.5.2
21 error code ELIFECYCLE
22 error advent-of-code-2018@1.0.0 run: `ts-node run.ts`
22 error Exit status 1
23 error Failed at the advent-of-code-2018@1.0.0 run script 'ts-node run.ts'.
23 error Make sure you have the latest version of node.js and npm installed.
23 error If you do, this is most likely a problem with the advent-of-code-2018 package,
23 error not with npm itself.
23 error Tell the author that this fails on your system:
23 error     ts-node run.ts
23 error You can get information on how to open an issue for this project with:
23 error     npm bugs advent-of-code-2018
23 error Or if that isn't available, you can get their info via:
23 error     npm owner ls advent-of-code-2018
23 error There is likely additional logging output above.
24 verbose exit [ 1, true ]
